<?xml version="1.0" encoding="UTF-8"?>
<testsuites>
  <testsuite name="/var/www/web/modules/custom/custom_hello/tests/src/Unit" tests="2" assertions="2" errors="1" warnings="0" failures="0" skipped="0" time="0.001532">
    <testsuite name="Drupal\Tests\custom_hello\Unit\GreetingServiceTest" file="/var/www/web/modules/custom/custom_hello/tests/src/Unit/GreetingServiceTest.php" tests="1" assertions="0" errors="1" warnings="0" failures="0" skipped="0" time="0.001176">
      <testcase name="testGetGreeting" class="Drupal\Tests\custom_hello\Unit\GreetingServiceTest" classname="Drupal.Tests.custom_hello.Unit.GreetingServiceTest" file="/var/www/web/modules/custom/custom_hello/tests/src/Unit/GreetingServiceTest.php" line="16" assertions="0" time="0.001176">
        <error type="Drupal\Core\DependencyInjection\ContainerNotInitializedException">Drupal\Tests\custom_hello\Unit\GreetingServiceTest::testGetGreeting
Drupal\Core\DependencyInjection\ContainerNotInitializedException: \Drupal::$container is not initialized yet. \Drupal::setContainer() must be called with a real container.

/var/www/web/core/lib/Drupal.php:169
/var/www/web/core/lib/Drupal.php:197
/var/www/web/core/lib/Drupal/Core/StringTranslation/StringTranslationTrait.php:104
/var/www/web/core/lib/Drupal/Core/StringTranslation/StringTranslationTrait.php:71
/var/www/web/modules/custom/custom_hello/src/Service/GreetingService.php:17
/var/www/web/modules/custom/custom_hello/tests/src/Unit/GreetingServiceTest.php:18</error>
      </testcase>
    </testsuite>
    <testsuite name="Drupal\Tests\custom_hello\Unit\HelloControllerTest" file="/var/www/web/modules/custom/custom_hello/tests/src/Unit/HelloControllerTest.php" tests="1" assertions="2" errors="0" warnings="0" failures="0" skipped="0" time="0.000356">
      <testcase name="testContent" class="Drupal\Tests\custom_hello\Unit\HelloControllerTest" classname="Drupal.Tests.custom_hello.Unit.HelloControllerTest" file="/var/www/web/modules/custom/custom_hello/tests/src/Unit/HelloControllerTest.php" line="18" assertions="2" time="0.000356"/>
    </testsuite>
  </testsuite>
</testsuites>
